<?xml version="1.0" encoding="UTF-8"?>
<testsuite xmlns:xsi="http://www.w3.org/2001/XMLSchema-instance" xsi:noNamespaceSchemaLocation="https://maven.apache.org/surefire/maven-surefire-plugin/xsd/surefire-test-report-3.0.xsd" version="3.0" name="TestRunnner" time="9.988" tests="1" errors="0" skipped="0" failures="1">
  <properties>
    <property name="java.specification.version" value="16"/>
    <property name="webdriver.chrome.driver" value="/Users/sanjidaafrin/.cache/selenium/chromedriver/mac64/93.0.4577.63/chromedriver"/>
    <property name="sun.jnu.encoding" value="UTF-8"/>
    <property name="java.class.path" value="/Users/sanjidaafrin/Documents/CucumberBDD_Fw/target/test-classes:/Users/sanjidaafrin/Documents/CucumberBDD_Fw/target/classes:/Users/sanjidaafrin/.m2/repository/org/seleniumhq/selenium/selenium-java/3.141.59/selenium-java-3.141.59.jar:/Users/sanjidaafrin/.m2/repository/org/seleniumhq/selenium/selenium-api/3.141.59/selenium-api-3.141.59.jar:/Users/sanjidaafrin/.m2/repository/org/seleniumhq/selenium/selenium-chrome-driver/3.141.59/selenium-chrome-driver-3.141.59.jar:/Users/sanjidaafrin/.m2/repository/org/seleniumhq/selenium/selenium-edge-driver/3.141.59/selenium-edge-driver-3.141.59.jar:/Users/sanjidaafrin/.m2/repository/org/seleniumhq/selenium/selenium-firefox-driver/3.141.59/selenium-firefox-driver-3.141.59.jar:/Users/sanjidaafrin/.m2/repository/org/seleniumhq/selenium/selenium-ie-driver/3.141.59/selenium-ie-driver-3.141.59.jar:/Users/sanjidaafrin/.m2/repository/org/seleniumhq/selenium/selenium-opera-driver/3.141.59/selenium-opera-driver-3.141.59.jar:/Users/sanjidaafrin/.m2/repository/org/seleniumhq/selenium/selenium-remote-driver/3.141.59/selenium-remote-driver-3.141.59.jar:/Users/sanjidaafrin/.m2/repository/org/seleniumhq/selenium/selenium-safari-driver/3.141.59/selenium-safari-driver-3.141.59.jar:/Users/sanjidaafrin/.m2/repository/org/seleniumhq/selenium/selenium-support/3.141.59/selenium-support-3.141.59.jar:/Users/sanjidaafrin/.m2/repository/net/bytebuddy/byte-buddy/1.8.15/byte-buddy-1.8.15.jar:/Users/sanjidaafrin/.m2/repository/org/apache/commons/commons-exec/1.3/commons-exec-1.3.jar:/Users/sanjidaafrin/.m2/repository/com/google/guava/guava/25.0-jre/guava-25.0-jre.jar:/Users/sanjidaafrin/.m2/repository/com/google/code/findbugs/jsr305/1.3.9/jsr305-1.3.9.jar:/Users/sanjidaafrin/.m2/repository/org/checkerframework/checker-compat-qual/2.0.0/checker-compat-qual-2.0.0.jar:/Users/sanjidaafrin/.m2/repository/com/google/errorprone/error_prone_annotations/2.1.3/error_prone_annotations-2.1.3.jar:/Users/sanjidaafrin/.m2/repository/com/google/j2objc/j2objc-annotations/1.1/j2objc-annotations-1.1.jar:/Users/sanjidaafrin/.m2/repository/org/codehaus/mojo/animal-sniffer-annotations/1.14/animal-sniffer-annotations-1.14.jar:/Users/sanjidaafrin/.m2/repository/com/squareup/okhttp3/okhttp/3.11.0/okhttp-3.11.0.jar:/Users/sanjidaafrin/.m2/repository/com/squareup/okio/okio/1.14.0/okio-1.14.0.jar:/Users/sanjidaafrin/.m2/repository/io/cucumber/cucumber-java/6.10.0/cucumber-java-6.10.0.jar:/Users/sanjidaafrin/.m2/repository/io/cucumber/cucumber-core/6.10.0/cucumber-core-6.10.0.jar:/Users/sanjidaafrin/.m2/repository/io/cucumber/cucumber-gherkin/6.10.0/cucumber-gherkin-6.10.0.jar:/Users/sanjidaafrin/.m2/repository/io/cucumber/cucumber-gherkin-messages/6.10.0/cucumber-gherkin-messages-6.10.0.jar:/Users/sanjidaafrin/.m2/repository/io/cucumber/messages/14.0.1/messages-14.0.1.jar:/Users/sanjidaafrin/.m2/repository/io/cucumber/tag-expressions/3.0.0/tag-expressions-3.0.0.jar:/Users/sanjidaafrin/.m2/repository/io/cucumber/cucumber-expressions/10.3.0/cucumber-expressions-10.3.0.jar:/Users/sanjidaafrin/.m2/repository/io/cucumber/datatable/3.5.0/datatable-3.5.0.jar:/Users/sanjidaafrin/.m2/repository/io/cucumber/cucumber-plugin/6.10.0/cucumber-plugin-6.10.0.jar:/Users/sanjidaafrin/.m2/repository/io/cucumber/docstring/6.10.0/docstring-6.10.0.jar:/Users/sanjidaafrin/.m2/repository/io/cucumber/html-formatter/12.0.0/html-formatter-12.0.0.jar:/Users/sanjidaafrin/.m2/repository/io/cucumber/create-meta/3.0.0/create-meta-3.0.0.jar:/Users/sanjidaafrin/.m2/repository/org/apiguardian/apiguardian-api/1.1.1/apiguardian-api-1.1.1.jar:/Users/sanjidaafrin/.m2/repository/io/cucumber/cucumber-testng/6.10.0/cucumber-testng-6.10.0.jar:/Users/sanjidaafrin/.m2/repository/org/testng/testng/7.3.0/testng-7.3.0.jar:/Users/sanjidaafrin/.m2/repository/com/beust/jcommander/1.78/jcommander-1.78.jar:/Users/sanjidaafrin/.m2/repository/org/apache/ant/ant/1.10.3/ant-1.10.3.jar:/Users/sanjidaafrin/.m2/repository/org/apache/ant/ant-launcher/1.10.3/ant-launcher-1.10.3.jar:/Users/sanjidaafrin/.m2/repository/junit/junit/4.12/junit-4.12.jar:/Users/sanjidaafrin/.m2/repository/org/hamcrest/hamcrest-core/1.3/hamcrest-core-1.3.jar:/Users/sanjidaafrin/.m2/repository/com/google/inject/guice/4.2.2/guice-4.2.2-no_aop.jar:/Users/sanjidaafrin/.m2/repository/javax/inject/javax.inject/1/javax.inject-1.jar:/Users/sanjidaafrin/.m2/repository/aopalliance/aopalliance/1.0/aopalliance-1.0.jar:/Users/sanjidaafrin/.m2/repository/org/yaml/snakeyaml/1.21/snakeyaml-1.21.jar:/Users/sanjidaafrin/.m2/repository/io/github/bonigarcia/webdrivermanager/4.4.1/webdrivermanager-4.4.1.jar:/Users/sanjidaafrin/.m2/repository/org/slf4j/slf4j-api/1.7.30/slf4j-api-1.7.30.jar:/Users/sanjidaafrin/.m2/repository/commons-io/commons-io/2.8.0/commons-io-2.8.0.jar:/Users/sanjidaafrin/.m2/repository/com/google/code/gson/gson/2.8.6/gson-2.8.6.jar:/Users/sanjidaafrin/.m2/repository/org/apache/commons/commons-lang3/3.12.0/commons-lang3-3.12.0.jar:/Users/sanjidaafrin/.m2/repository/org/apache/httpcomponents/client5/httpclient5/5.0.3/httpclient5-5.0.3.jar:/Users/sanjidaafrin/.m2/repository/org/apache/httpcomponents/core5/httpcore5/5.0.2/httpcore5-5.0.2.jar:/Users/sanjidaafrin/.m2/repository/org/apache/httpcomponents/core5/httpcore5-h2/5.0.2/httpcore5-h2-5.0.2.jar:/Users/sanjidaafrin/.m2/repository/commons-codec/commons-codec/1.13/commons-codec-1.13.jar:/Users/sanjidaafrin/.m2/repository/org/rauschig/jarchivelib/1.1.0/jarchivelib-1.1.0.jar:/Users/sanjidaafrin/.m2/repository/org/apache/commons/commons-compress/1.20/commons-compress-1.20.jar:/Users/sanjidaafrin/.m2/repository/org/jsoup/jsoup/1.13.1/jsoup-1.13.1.jar:/Users/sanjidaafrin/.m2/repository/com/github/javafaker/javafaker/1.0.2/javafaker-1.0.2.jar:/Users/sanjidaafrin/.m2/repository/org/yaml/snakeyaml/1.23/snakeyaml-1.23-android.jar:/Users/sanjidaafrin/.m2/repository/com/github/mifmif/generex/1.0.2/generex-1.0.2.jar:/Users/sanjidaafrin/.m2/repository/dk/brics/automaton/automaton/1.11-8/automaton-1.11-8.jar:"/>
    <property name="java.vm.vendor" value="Oracle Corporation"/>
    <property name="sun.arch.data.model" value="64"/>
    <property name="java.vendor.url" value="https://java.oracle.com/"/>
    <property name="user.timezone" value="America/New_York"/>
    <property name="os.name" value="Mac OS X"/>
    <property name="java.vm.specification.version" value="16"/>
    <property name="sun.java.launcher" value="SUN_STANDARD"/>
    <property name="user.country" value="US"/>
    <property name="sun.boot.library.path" value="/Library/Java/JavaVirtualMachines/jdk-16.0.2.jdk/Contents/Home/lib"/>
    <property name="sun.java.command" value="/Users/sanjidaafrin/Documents/CucumberBDD_Fw/target/surefire/surefirebooter1052509276996334429.jar /Users/sanjidaafrin/Documents/CucumberBDD_Fw/target/surefire 2021-09-18T22-28-41_832-jvmRun1 surefire6649558613141083088tmp surefire_06414929220483896980tmp"/>
    <property name="http.nonProxyHosts" value="local|*.local|169.254/16|*.169.254/16"/>
    <property name="jdk.debug" value="release"/>
    <property name="surefire.test.class.path" value="/Users/sanjidaafrin/Documents/CucumberBDD_Fw/target/test-classes:/Users/sanjidaafrin/Documents/CucumberBDD_Fw/target/classes:/Users/sanjidaafrin/.m2/repository/org/seleniumhq/selenium/selenium-java/3.141.59/selenium-java-3.141.59.jar:/Users/sanjidaafrin/.m2/repository/org/seleniumhq/selenium/selenium-api/3.141.59/selenium-api-3.141.59.jar:/Users/sanjidaafrin/.m2/repository/org/seleniumhq/selenium/selenium-chrome-driver/3.141.59/selenium-chrome-driver-3.141.59.jar:/Users/sanjidaafrin/.m2/repository/org/seleniumhq/selenium/selenium-edge-driver/3.141.59/selenium-edge-driver-3.141.59.jar:/Users/sanjidaafrin/.m2/repository/org/seleniumhq/selenium/selenium-firefox-driver/3.141.59/selenium-firefox-driver-3.141.59.jar:/Users/sanjidaafrin/.m2/repository/org/seleniumhq/selenium/selenium-ie-driver/3.141.59/selenium-ie-driver-3.141.59.jar:/Users/sanjidaafrin/.m2/repository/org/seleniumhq/selenium/selenium-opera-driver/3.141.59/selenium-opera-driver-3.141.59.jar:/Users/sanjidaafrin/.m2/repository/org/seleniumhq/selenium/selenium-remote-driver/3.141.59/selenium-remote-driver-3.141.59.jar:/Users/sanjidaafrin/.m2/repository/org/seleniumhq/selenium/selenium-safari-driver/3.141.59/selenium-safari-driver-3.141.59.jar:/Users/sanjidaafrin/.m2/repository/org/seleniumhq/selenium/selenium-support/3.141.59/selenium-support-3.141.59.jar:/Users/sanjidaafrin/.m2/repository/net/bytebuddy/byte-buddy/1.8.15/byte-buddy-1.8.15.jar:/Users/sanjidaafrin/.m2/repository/org/apache/commons/commons-exec/1.3/commons-exec-1.3.jar:/Users/sanjidaafrin/.m2/repository/com/google/guava/guava/25.0-jre/guava-25.0-jre.jar:/Users/sanjidaafrin/.m2/repository/com/google/code/findbugs/jsr305/1.3.9/jsr305-1.3.9.jar:/Users/sanjidaafrin/.m2/repository/org/checkerframework/checker-compat-qual/2.0.0/checker-compat-qual-2.0.0.jar:/Users/sanjidaafrin/.m2/repository/com/google/errorprone/error_prone_annotations/2.1.3/error_prone_annotations-2.1.3.jar:/Users/sanjidaafrin/.m2/repository/com/google/j2objc/j2objc-annotations/1.1/j2objc-annotations-1.1.jar:/Users/sanjidaafrin/.m2/repository/org/codehaus/mojo/animal-sniffer-annotations/1.14/animal-sniffer-annotations-1.14.jar:/Users/sanjidaafrin/.m2/repository/com/squareup/okhttp3/okhttp/3.11.0/okhttp-3.11.0.jar:/Users/sanjidaafrin/.m2/repository/com/squareup/okio/okio/1.14.0/okio-1.14.0.jar:/Users/sanjidaafrin/.m2/repository/io/cucumber/cucumber-java/6.10.0/cucumber-java-6.10.0.jar:/Users/sanjidaafrin/.m2/repository/io/cucumber/cucumber-core/6.10.0/cucumber-core-6.10.0.jar:/Users/sanjidaafrin/.m2/repository/io/cucumber/cucumber-gherkin/6.10.0/cucumber-gherkin-6.10.0.jar:/Users/sanjidaafrin/.m2/repository/io/cucumber/cucumber-gherkin-messages/6.10.0/cucumber-gherkin-messages-6.10.0.jar:/Users/sanjidaafrin/.m2/repository/io/cucumber/messages/14.0.1/messages-14.0.1.jar:/Users/sanjidaafrin/.m2/repository/io/cucumber/tag-expressions/3.0.0/tag-expressions-3.0.0.jar:/Users/sanjidaafrin/.m2/repository/io/cucumber/cucumber-expressions/10.3.0/cucumber-expressions-10.3.0.jar:/Users/sanjidaafrin/.m2/repository/io/cucumber/datatable/3.5.0/datatable-3.5.0.jar:/Users/sanjidaafrin/.m2/repository/io/cucumber/cucumber-plugin/6.10.0/cucumber-plugin-6.10.0.jar:/Users/sanjidaafrin/.m2/repository/io/cucumber/docstring/6.10.0/docstring-6.10.0.jar:/Users/sanjidaafrin/.m2/repository/io/cucumber/html-formatter/12.0.0/html-formatter-12.0.0.jar:/Users/sanjidaafrin/.m2/repository/io/cucumber/create-meta/3.0.0/create-meta-3.0.0.jar:/Users/sanjidaafrin/.m2/repository/org/apiguardian/apiguardian-api/1.1.1/apiguardian-api-1.1.1.jar:/Users/sanjidaafrin/.m2/repository/io/cucumber/cucumber-testng/6.10.0/cucumber-testng-6.10.0.jar:/Users/sanjidaafrin/.m2/repository/org/testng/testng/7.3.0/testng-7.3.0.jar:/Users/sanjidaafrin/.m2/repository/com/beust/jcommander/1.78/jcommander-1.78.jar:/Users/sanjidaafrin/.m2/repository/org/apache/ant/ant/1.10.3/ant-1.10.3.jar:/Users/sanjidaafrin/.m2/repository/org/apache/ant/ant-launcher/1.10.3/ant-launcher-1.10.3.jar:/Users/sanjidaafrin/.m2/repository/junit/junit/4.12/junit-4.12.jar:/Users/sanjidaafrin/.m2/repository/org/hamcrest/hamcrest-core/1.3/hamcrest-core-1.3.jar:/Users/sanjidaafrin/.m2/repository/com/google/inject/guice/4.2.2/guice-4.2.2-no_aop.jar:/Users/sanjidaafrin/.m2/repository/javax/inject/javax.inject/1/javax.inject-1.jar:/Users/sanjidaafrin/.m2/repository/aopalliance/aopalliance/1.0/aopalliance-1.0.jar:/Users/sanjidaafrin/.m2/repository/org/yaml/snakeyaml/1.21/snakeyaml-1.21.jar:/Users/sanjidaafrin/.m2/repository/io/github/bonigarcia/webdrivermanager/4.4.1/webdrivermanager-4.4.1.jar:/Users/sanjidaafrin/.m2/repository/org/slf4j/slf4j-api/1.7.30/slf4j-api-1.7.30.jar:/Users/sanjidaafrin/.m2/repository/commons-io/commons-io/2.8.0/commons-io-2.8.0.jar:/Users/sanjidaafrin/.m2/repository/com/google/code/gson/gson/2.8.6/gson-2.8.6.jar:/Users/sanjidaafrin/.m2/repository/org/apache/commons/commons-lang3/3.12.0/commons-lang3-3.12.0.jar:/Users/sanjidaafrin/.m2/repository/org/apache/httpcomponents/client5/httpclient5/5.0.3/httpclient5-5.0.3.jar:/Users/sanjidaafrin/.m2/repository/org/apache/httpcomponents/core5/httpcore5/5.0.2/httpcore5-5.0.2.jar:/Users/sanjidaafrin/.m2/repository/org/apache/httpcomponents/core5/httpcore5-h2/5.0.2/httpcore5-h2-5.0.2.jar:/Users/sanjidaafrin/.m2/repository/commons-codec/commons-codec/1.13/commons-codec-1.13.jar:/Users/sanjidaafrin/.m2/repository/org/rauschig/jarchivelib/1.1.0/jarchivelib-1.1.0.jar:/Users/sanjidaafrin/.m2/repository/org/apache/commons/commons-compress/1.20/commons-compress-1.20.jar:/Users/sanjidaafrin/.m2/repository/org/jsoup/jsoup/1.13.1/jsoup-1.13.1.jar:/Users/sanjidaafrin/.m2/repository/com/github/javafaker/javafaker/1.0.2/javafaker-1.0.2.jar:/Users/sanjidaafrin/.m2/repository/org/yaml/snakeyaml/1.23/snakeyaml-1.23-android.jar:/Users/sanjidaafrin/.m2/repository/com/github/mifmif/generex/1.0.2/generex-1.0.2.jar:/Users/sanjidaafrin/.m2/repository/dk/brics/automaton/automaton/1.11-8/automaton-1.11-8.jar:"/>
    <property name="sun.cpu.endian" value="little"/>
    <property name="user.home" value="/Users/sanjidaafrin"/>
    <property name="user.language" value="en"/>
    <property name="java.specification.vendor" value="Oracle Corporation"/>
    <property name="java.version.date" value="2021-07-20"/>
    <property name="java.home" value="/Library/Java/JavaVirtualMachines/jdk-16.0.2.jdk/Contents/Home"/>
    <property name="file.separator" value="/"/>
    <property name="basedir" value="/Users/sanjidaafrin/Documents/CucumberBDD_Fw"/>
    <property name="java.vm.compressedOopsMode" value="Zero based"/>
    <property name="line.separator" value="&#10;"/>
    <property name="java.specification.name" value="Java Platform API Specification"/>
    <property name="java.vm.specification.vendor" value="Oracle Corporation"/>
    <property name="surefire.real.class.path" value="/Users/sanjidaafrin/Documents/CucumberBDD_Fw/target/surefire/surefirebooter1052509276996334429.jar"/>
    <property name="sun.management.compiler" value="HotSpot 64-Bit Tiered Compilers"/>
    <property name="ftp.nonProxyHosts" value="local|*.local|169.254/16|*.169.254/16"/>
    <property name="java.runtime.version" value="16.0.2+7-67"/>
    <property name="user.name" value="sanjidaafrin"/>
    <property name="path.separator" value=":"/>
    <property name="os.version" value="11.2"/>
    <property name="java.runtime.name" value="Java(TM) SE Runtime Environment"/>
    <property name="file.encoding" value="UTF-8"/>
    <property name="java.vm.name" value="Java HotSpot(TM) 64-Bit Server VM"/>
    <property name="localRepository" value="/Users/sanjidaafrin/.m2/repository"/>
    <property name="java.vendor.url.bug" value="https://bugreport.java.com/bugreport/"/>
    <property name="java.io.tmpdir" value="/var/folders/k4/vzl7yc1x0qscj8xzhg8f6v0w0000gn/T/"/>
    <property name="java.version" value="16.0.2"/>
    <property name="user.dir" value="/Users/sanjidaafrin/Documents/CucumberBDD_Fw"/>
    <property name="os.arch" value="x86_64"/>
    <property name="java.vm.specification.name" value="Java Virtual Machine Specification"/>
    <property name="java.library.path" value="/Users/sanjidaafrin/Library/Java/Extensions:/Library/Java/Extensions:/Network/Library/Java/Extensions:/System/Library/Java/Extensions:/usr/lib/java:."/>
    <property name="java.vm.info" value="mixed mode, sharing"/>
    <property name="java.vendor" value="Oracle Corporation"/>
    <property name="java.vm.version" value="16.0.2+7-67"/>
    <property name="sun.io.unicode.encoding" value="UnicodeBig"/>
    <property name="socksNonProxyHosts" value="local|*.local|169.254/16|*.169.254/16"/>
    <property name="java.class.version" value="60.0"/>
  </properties>
  <testcase name="runScenario[&quot;User should be able to Sign Up with the valid email adress&quot;, &quot;Optional[TalentTek Sign Up feature test suite.]&quot;](1)" classname="TestRunnner" time="9.09">
    <failure message="The step &apos;I enter student information with valid email adress&apos; and 5 other step(s) are undefined.&#10;You can implement these steps using the snippet(s) below:&#10;&#10;@Given(&quot;I enter student information with valid email adress&quot;)&#10;public void i_enter_student_information_with_valid_email_adress() {&#10;    // Write code here that turns the phrase above into concrete actions&#10;    throw new io.cucumber.java.PendingException();&#10;}&#10;@Given(&quot;I enter student&apos;s  date of birth&quot;)&#10;public void i_enter_student_s_date_of_birth() {&#10;    // Write code here that turns the phrase above into concrete actions&#10;    throw new io.cucumber.java.PendingException();&#10;}&#10;@Given(&quot;I enter  student gender as female&quot;)&#10;public void i_enter_student_gender_as_female() {&#10;    // Write code here that turns the phrase above into concrete actions&#10;    throw new io.cucumber.java.PendingException();&#10;}&#10;@Given(&quot;I agree with the form&quot;)&#10;public void i_agree_with_the_form() {&#10;    // Write code here that turns the phrase above into concrete actions&#10;    throw new io.cucumber.java.PendingException();&#10;}&#10;@When(&quot;I click Create my account button&quot;)&#10;public void i_click_create_my_account_button() {&#10;    // Write code here that turns the phrase above into concrete actions&#10;    throw new io.cucumber.java.PendingException();&#10;}&#10;@Then(&quot;I should be able to get an student id&quot;)&#10;public void i_should_be_able_to_get_an_student_id() {&#10;    // Write code here that turns the phrase above into concrete actions&#10;    throw new io.cucumber.java.PendingException();&#10;}&#10;" type="io.cucumber.testng.UndefinedStepException"><![CDATA[io.cucumber.testng.UndefinedStepException: 
The step 'I enter student information with valid email adress' and 5 other step(s) are undefined.
You can implement these steps using the snippet(s) below:

@Given("I enter student information with valid email adress")
public void i_enter_student_information_with_valid_email_adress() {
    // Write code here that turns the phrase above into concrete actions
    throw new io.cucumber.java.PendingException();
}
@Given("I enter student's  date of birth")
public void i_enter_student_s_date_of_birth() {
    // Write code here that turns the phrase above into concrete actions
    throw new io.cucumber.java.PendingException();
}
@Given("I enter  student gender as female")
public void i_enter_student_gender_as_female() {
    // Write code here that turns the phrase above into concrete actions
    throw new io.cucumber.java.PendingException();
}
@Given("I agree with the form")
public void i_agree_with_the_form() {
    // Write code here that turns the phrase above into concrete actions
    throw new io.cucumber.java.PendingException();
}
@When("I click Create my account button")
public void i_click_create_my_account_button() {
    // Write code here that turns the phrase above into concrete actions
    throw new io.cucumber.java.PendingException();
}
@Then("I should be able to get an student id")
public void i_should_be_able_to_get_an_student_id() {
    // Write code here that turns the phrase above into concrete actions
    throw new io.cucumber.java.PendingException();
}

]]></failure>
    <system-err><![CDATA[SLF4J: Failed to load class "org.slf4j.impl.StaticLoggerBinder".
SLF4J: Defaulting to no-operation (NOP) logger implementation
SLF4J: See http://www.slf4j.org/codes.html#StaticLoggerBinder for further details.
Starting ChromeDriver 93.0.4577.63 (ff5c0da2ec0adeaed5550e6c7e98417dac77d98a-refs/branch-heads/4577@{#1135}) on port 29224
Only local connections are allowed.
Please see https://chromedriver.chromium.org/security-considerations for suggestions on keeping ChromeDriver safe.
ChromeDriver was started successfully.
Sep 18, 2021 10:28:50 PM org.openqa.selenium.remote.ProtocolHandshake createSession
INFO: Detected dialect: W3C
]]></system-err>
  </testcase>
</testsuite>