<?xml version="1.0" encoding="UTF-8"?>
<!-- Generated by org.testng.reporters.JUnitReportReporter -->
<testsuite hostname="Sanjidas-MBP.lan" failures="1" tests="1" name="TestRunnner" time="9.675" errors="0" timestamp="2021-09-19T03:13:24 EDT" skipped="0">
  <testcase classname="TestRunnner" name="runScenario" time="9.675">
    <failure message="expected [Validation error] but found [➥Validation Errors
Th]" type="java.lang.AssertionError">
      <![CDATA[java.lang.AssertionError: expected [Validation error] but found [➥Validation Errors
Th]
at org.testng.Assert.fail(Assert.java:99)
at org.testng.Assert.failNotEquals(Assert.java:1037)
at org.testng.Assert.assertEqualsImpl(Assert.java:140)
at org.testng.Assert.assertEquals(Assert.java:122)
at org.testng.Assert.assertEquals(Assert.java:629)
at org.testng.Assert.assertEquals(Assert.java:639)
at pageobject.Signup_page.asserterrorMessage(Signup_page.java:129)
at stepdefinations.SignUp.ienterstudentinformationwithvalidEmailAdress(SignUp.java:38)
at ✽.I enter student information with valid email adress(file:///Users/sanjidaafrin/Documents/CucumberBDD_Fw/src/test/java/feature/signup/SignUp.feature:6)
]]>
    </failure>
  </testcase> <!-- runScenario -->
  <system-out/>
</testsuite> <!-- TestRunnner -->
